        -:    0:Source:hash.c
        -:    0:Graph:hash.gcno
        -:    0:Data:hash.gcda
        -:    0:Runs:389
        -:    1:/* -*- Mode: C; tab-width: 4; c-basic-offset: 4; indent-tabs-mode: nil -*- */
        -:    2:
        -:    3:#include "memcached.h"
        -:    4:#include "jenkins_hash.h"
        -:    5:#include "murmur3_hash.h"
        -:    6:
        -:    7:hash_func hash;
        -:    8:
      115:    9:int hash_init(enum hashfunc_type type) {
      115:   10:    switch(type) {
        7:   11:        case JENKINS_HASH:
        7:   12:            hash = jenkins_hash;
        7:   13:            settings.hash_algorithm = "jenkins";
        7:   14:            break;
      108:   15:        case MURMUR3_HASH:
      108:   16:            hash = MurmurHash3_x86_32;
      108:   17:            settings.hash_algorithm = "murmur3";
      108:   18:            break;
        -:   19:        default:
        -:   20:            return -1;
        -:   21:    }
        -:   22:    return 0;
        -:   23:}
