        -:    0:Source:memcached.c
        -:    0:Graph:memcached.gcno
        -:    0:Data:memcached.gcda
        -:    0:Runs:389
        -:    1:/* -*- Mode: C; tab-width: 4; c-basic-offset: 4; indent-tabs-mode: nil -*- */
        -:    2:/*
        -:    3: *  memcached - memory caching daemon
        -:    4: *
        -:    5: *       https://www.memcached.org/
        -:    6: *
        -:    7: *  Copyright 2003 Danga Interactive, Inc.  All rights reserved.
        -:    8: *
        -:    9: *  Use and distribution licensed under the BSD license.  See
        -:   10: *  the LICENSE file for full text.
        -:   11: *
        -:   12: *  Authors:
        -:   13: *      Anatoly Vorobey <mellon@pobox.com>
        -:   14: *      Brad Fitzpatrick <brad@danga.com>
        -:   15: */
        -:   16:#include "memcached.h"
        -:   17:#include "storage.h"
        -:   18:#include "authfile.h"
        -:   19:#include "restart.h"
        -:   20:#include <sys/stat.h>
        -:   21:#include <sys/socket.h>
        -:   22:#include <sys/un.h>
        -:   23:#include <signal.h>
        -:   24:#include <sys/param.h>
        -:   25:#include <sys/resource.h>
        -:   26:#include <sys/uio.h>
        -:   27:#include <ctype.h>
        -:   28:#include <stdarg.h>
        -:   29:
        -:   30:/* some POSIX systems need the following definition
        -:   31: * to get mlockall flags out of sys/mman.h.  */
        -:   32:#ifndef _P1003_1B_VISIBLE
        -:   33:#define _P1003_1B_VISIBLE
        -:   34:#endif
        -:   35:#include <pwd.h>
        -:   36:#include <sys/mman.h>
        -:   37:#include <fcntl.h>
        -:   38:#include <netinet/tcp.h>
        -:   39:#include <arpa/inet.h>
        -:   40:#include <errno.h>
        -:   41:#include <stdlib.h>
        -:   42:#include <stdio.h>
        -:   43:#include <string.h>
        -:   44:#include <time.h>
        -:   45:#include <assert.h>
        -:   46:#include <sysexits.h>
        -:   47:#include <stddef.h>
        -:   48:
        -:   49:#ifdef HAVE_GETOPT_LONG
        -:   50:#include <getopt.h>
        -:   51:#endif
        -:   52:
        -:   53:#ifdef TLS
        -:   54:#include "tls.h"
        -:   55:#endif
        -:   56:
        -:   57:#include "proto_text.h"
        -:   58:#include "proto_bin.h"
        -:   59:
        -:   60:#if defined(__FreeBSD__)
        -:   61:#include <sys/sysctl.h>
        -:   62:#endif
        -:   63:
        -:   64:/*
        -:   65: * forward declarations
        -:   66: */
        -:   67:static void drive_machine(conn *c);
        -:   68:static int new_socket(struct addrinfo *ai);
        -:   69:static ssize_t tcp_read(conn *arg, void *buf, size_t count);
        -:   70:static ssize_t tcp_sendmsg(conn *arg, struct msghdr *msg, int flags);
        -:   71:static ssize_t tcp_write(conn *arg, void *buf, size_t count);
        -:   72:
        -:   73:enum try_read_result {
        -:   74:    READ_DATA_RECEIVED,
        -:   75:    READ_NO_DATA_RECEIVED,
        -:   76:    READ_ERROR,            /** an error occurred (on the socket) (or client closed connection) */
        -:   77:    READ_MEMORY_ERROR      /** failed to allocate more memory */
        -:   78:};
        -:   79:
        -:   80:static int try_read_command_negotiate(conn *c);
        -:   81:static int try_read_command_udp(conn *c);
        -:   82:
        -:   83:static enum try_read_result try_read_network(conn *c);
        -:   84:static enum try_read_result try_read_udp(conn *c);
        -:   85:
        -:   86:static int start_conn_timeout_thread();
        -:   87:
        -:   88:
        -:   89:/* stats */
        -:   90:static void stats_init(void);
        -:   91:static void conn_to_str(const conn *c, char *addr, char *svr_addr);
        -:   92:
        -:   93:/* defaults */
        -:   94:static void settings_init(void);
        -:   95:
        -:   96:/* event handling, network IO */
        -:   97:static void event_handler(const evutil_socket_t fd, const short which, void *arg);
        -:   98:static void conn_close(conn *c);
        -:   99:static void conn_init(void);
        -:  100:static bool update_event(conn *c, const int new_flags);
        -:  101:static void complete_nread(conn *c);
        -:  102:
        -:  103:static void conn_free(conn *c);
        -:  104:
        -:  105:/** exported globals **/
        -:  106:struct stats stats;
        -:  107:struct stats_state stats_state;
        -:  108:struct settings settings;
        -:  109:time_t process_started;     /* when the process was started */
        -:  110:conn **conns;
        -:  111:
        -:  112:struct slab_rebalance slab_rebal;
        -:  113:volatile int slab_rebalance_signal;
        -:  114:#ifdef EXTSTORE
        -:  115:/* hoping this is temporary; I'd prefer to cut globals, but will complete this
        -:  116: * battle another day.
        -:  117: */
        -:  118:void *ext_storage = NULL;
        -:  119:#endif
        -:  120:/** file scope variables **/
        -:  121:static conn *listen_conn = NULL;
        -:  122:static int max_fds;
        -:  123:static struct event_base *main_base;
        -:  124:
        -:  125:enum transmit_result {
        -:  126:    TRANSMIT_COMPLETE,   /** All done writing. */
        -:  127:    TRANSMIT_INCOMPLETE, /** More data remaining to write. */
        -:  128:    TRANSMIT_SOFT_ERROR, /** Can't write any more right now. */
        -:  129:    TRANSMIT_HARD_ERROR  /** Can't write (c->state is set to conn_closing) */
        -:  130:};
        -:  131:
        -:  132:/* Default methods to read from/ write to a socket */
   556628:  133:ssize_t tcp_read(conn *c, void *buf, size_t count) {
  556628*:  134:    assert (c != NULL);
   556628:  135:    return read(c->sfd, buf, count);
        -:  136:}
        -:  137:
   412003:  138:ssize_t tcp_sendmsg(conn *c, struct msghdr *msg, int flags) {
  412003*:  139:    assert (c != NULL);
   412003:  140:    return sendmsg(c->sfd, msg, flags);
        -:  141:}
        -:  142:
       67:  143:ssize_t tcp_write(conn *c, void *buf, size_t count) {
      67*:  144:    assert (c != NULL);
       67:  145:    return write(c->sfd, buf, count);
        -:  146:}
        -:  147:
        -:  148:static enum transmit_result transmit(conn *c);
        -:  149:
        -:  150:/* This reduces the latency without adding lots of extra wiring to be able to
        -:  151: * notify the listener thread of when to listen again.
        -:  152: * Also, the clock timer could be broken out into its own thread and we
        -:  153: * can block the listener via a condition.
        -:  154: */
        -:  155:static volatile bool allow_new_conns = true;
        -:  156:static int stop_main_loop = NOT_STOP;
        -:  157:static struct event maxconnsevent;
    #####:  158:static void maxconns_handler(const evutil_socket_t fd, const short which, void *arg) {
    #####:  159:    struct timeval t = {.tv_sec = 0, .tv_usec = 10000};
        -:  160:
    #####:  161:    if (fd == -42 || allow_new_conns == false) {
        -:  162:        /* reschedule in 10ms if we need to keep polling */
    #####:  163:        evtimer_set(&maxconnsevent, maxconns_handler, 0);
    #####:  164:        event_base_set(main_base, &maxconnsevent);
    #####:  165:        evtimer_add(&maxconnsevent, &t);
        -:  166:    } else {
    #####:  167:        evtimer_del(&maxconnsevent);
    #####:  168:        accept_new_conns(true);
        -:  169:    }
    #####:  170:}
        -:  171:
        -:  172:/*
        -:  173: * given time value that's either unix time or delta from current unix time, return
        -:  174: * unix time. Use the fact that delta can't exceed one month (and real time value can't
        -:  175: * be that low).
        -:  176: */
   328025:  177:rel_time_t realtime(const time_t exptime) {
        -:  178:    /* no. of seconds in 30 days - largest possible delta exptime */
        -:  179:
   328025:  180:    if (exptime == 0) return 0; /* 0 means never expire */
        -:  181:
     1660:  182:    if (exptime > REALTIME_MAXDELTA) {
        -:  183:        /* if item expiration is at/before the server started, give it an
        -:  184:           expiration time of 1 second after the server started.
        -:  185:           (because 0 means don't expire).  without this, we'd
        -:  186:           underflow and wrap around to some large value way in the
        -:  187:           future, effectively making items expiring in the past
        -:  188:           really expiring never */
       13:  189:        if (exptime <= process_started)
        -:  190:            return (rel_time_t)1;
        8:  191:        return (rel_time_t)(exptime - process_started);
        -:  192:    } else {
     1647:  193:        return (rel_time_t)(exptime + current_time);
        -:  194:    }
        -:  195:}
        -:  196:
      114:  197:static void stats_init(void) {
      114:  198:    memset(&stats, 0, sizeof(struct stats));
      114:  199:    memset(&stats_state, 0, sizeof(struct stats_state));
      114:  200:    stats_state.accepting_conns = true; /* assuming we start in this state. */
        -:  201:
        -:  202:    /* make the time we started always be 2 seconds before we really
        -:  203:       did, so time(0) - time.started is never zero.  if so, things
        -:  204:       like 'settings.oldest_live' which act as booleans as well as
        -:  205:       values are now false in boolean context... */
      114:  206:    process_started = time(0) - ITEM_UPDATE_INTERVAL - 2;
      114:  207:    stats_prefix_init(settings.prefix_delimiter);
      114:  208:}
        -:  209:
        3:  210:void stats_reset(void) {
        3:  211:    STATS_LOCK();
        3:  212:    memset(&stats, 0, sizeof(struct stats));
        3:  213:    stats_prefix_clear();
        3:  214:    STATS_UNLOCK();
        3:  215:    threadlocal_stats_reset();
        3:  216:    item_stats_reset();
        3:  217:}
        -:  218:
      389:  219:static void settings_init(void) {
      389:  220:    settings.use_cas = true;
      389:  221:    settings.access = 0700;
      389:  222:    settings.port = 11211;
      389:  223:    settings.udpport = 0;
        -:  224:#ifdef TLS
        -:  225:    settings.ssl_enabled = false;
        -:  226:    settings.ssl_ctx = NULL;
        -:  227:    settings.ssl_chain_cert = NULL;
        -:  228:    settings.ssl_key = NULL;
        -:  229:    settings.ssl_verify_mode = SSL_VERIFY_NONE;
        -:  230:    settings.ssl_keyformat = SSL_FILETYPE_PEM;
        -:  231:    settings.ssl_ciphers = NULL;
        -:  232:    settings.ssl_ca_cert = NULL;
        -:  233:    settings.ssl_last_cert_refresh_time = current_time;
        -:  234:    settings.ssl_wbuf_size = 16 * 1024; // default is 16KB (SSL max frame size is 17KB)
        -:  235:    settings.ssl_session_cache = false;
        -:  236:#endif
        -:  237:    /* By default this string should be NULL for getaddrinfo() */
      389:  238:    settings.inter = NULL;
      389:  239:    settings.maxbytes = 64 * 1024 * 1024; /* default is 64MB */
      389:  240:    settings.maxconns = 1024;         /* to limit connections-related memory to about 5MB */
      389:  241:    settings.verbose = 0;
      389:  242:    settings.oldest_live = 0;
      389:  243:    settings.oldest_cas = 0;          /* supplements accuracy of oldest_live */
      389:  244:    settings.evict_to_free = 1;       /* push old items out of cache when memory runs out */
      389:  245:    settings.socketpath = NULL;       /* by default, not using a unix socket */
      389:  246:    settings.auth_file = NULL;        /* by default, not using ASCII authentication tokens */
      389:  247:    settings.factor = 1.25;
      389:  248:    settings.chunk_size = 48;         /* space for a modest key and value */
      389:  249:    settings.num_threads = 4;         /* N workers */
      389:  250:    settings.num_threads_per_udp = 0;
      389:  251:    settings.prefix_delimiter = ':';
      389:  252:    settings.detail_enabled = 0;
      389:  253:    settings.reqs_per_event = 20;
      389:  254:    settings.backlog = 1024;
      389:  255:    settings.binding_protocol = negotiating_prot;
      389:  256:    settings.item_size_max = 1024 * 1024; /* The famous 1MB upper limit. */
      389:  257:    settings.slab_page_size = 1024 * 1024; /* chunks are split from 1MB pages. */
      389:  258:    settings.slab_chunk_size_max = settings.slab_page_size / 2;
      389:  259:    settings.sasl = false;
      389:  260:    settings.maxconns_fast = true;
      389:  261:    settings.lru_crawler = false;
      389:  262:    settings.lru_crawler_sleep = 100;
      389:  263:    settings.lru_crawler_tocrawl = 0;
      389:  264:    settings.lru_maintainer_thread = false;
      389:  265:    settings.lru_segmented = true;
      389:  266:    settings.hot_lru_pct = 20;
      389:  267:    settings.warm_lru_pct = 40;
      389:  268:    settings.hot_max_factor = 0.2;
      389:  269:    settings.warm_max_factor = 2.0;
      389:  270:    settings.temp_lru = false;
      389:  271:    settings.temporary_ttl = 61;
      389:  272:    settings.idle_timeout = 0; /* disabled */
      389:  273:    settings.hashpower_init = 0;
      389:  274:    settings.slab_reassign = true;
      389:  275:    settings.slab_automove = 1;
      389:  276:    settings.slab_automove_ratio = 0.8;
      389:  277:    settings.slab_automove_window = 30;
      389:  278:    settings.shutdown_command = false;
      389:  279:    settings.tail_repair_time = TAIL_REPAIR_TIME_DEFAULT;
      389:  280:    settings.flush_enabled = true;
      389:  281:    settings.dump_enabled = true;
      389:  282:    settings.crawls_persleep = 1000;
      389:  283:    settings.logger_watcher_buf_size = LOGGER_WATCHER_BUF_SIZE;
      389:  284:    settings.logger_buf_size = LOGGER_BUF_SIZE;
      389:  285:    settings.drop_privileges = false;
      389:  286:    settings.watch_enabled = true;
      389:  287:    settings.read_buf_mem_limit = 0;
        -:  288:#ifdef MEMCACHED_DEBUG
      389:  289:    settings.relaxed_privileges = false;
        -:  290:#endif
      389:  291:    settings.num_napi_ids = 0;
      389:  292:    settings.memory_file = NULL;
      389:  293:}
        -:  294:
        -:  295:extern pthread_mutex_t conn_lock;
        -:  296:
        -:  297:/* Connection timeout thread bits */
        -:  298:static pthread_t conn_timeout_tid;
        -:  299:static int do_run_conn_timeout_thread;
        -:  300:static pthread_cond_t conn_timeout_cond = PTHREAD_COND_INITIALIZER;
        -:  301:static pthread_mutex_t conn_timeout_lock = PTHREAD_MUTEX_INITIALIZER;
        -:  302:
        -:  303:#define CONNS_PER_SLICE 100
        -:  304:#define TIMEOUT_MSG_SIZE (1 + sizeof(int))
        1:  305:static void *conn_timeout_thread(void *arg) {
        1:  306:    int i;
        1:  307:    conn *c;
        1:  308:    char buf[TIMEOUT_MSG_SIZE];
        1:  309:    rel_time_t oldest_last_cmd;
        1:  310:    int sleep_time;
        1:  311:    int sleep_slice = max_fds / CONNS_PER_SLICE;
        1:  312:    if (sleep_slice == 0)
    #####:  313:        sleep_slice = CONNS_PER_SLICE;
        -:  314:
        1:  315:    useconds_t timeslice = 1000000 / sleep_slice;
        -:  316:
        1:  317:    mutex_lock(&conn_timeout_lock);
        5:  318:    while(do_run_conn_timeout_thread) {
        4:  319:        if (settings.verbose > 2)
    #####:  320:            fprintf(stderr, "idle timeout thread at top of connection list\n");
        -:  321:
        4:  322:        oldest_last_cmd = current_time;
        -:  323:
  4194308:  324:        for (i = 0; i < max_fds; i++) {
  4194304:  325:            if ((i % CONNS_PER_SLICE) == 0) {
    41944:  326:                if (settings.verbose > 2)
    #####:  327:                    fprintf(stderr, "idle timeout thread sleeping for %ulus\n",
        -:  328:                        (unsigned int)timeslice);
    41944:  329:                usleep(timeslice);
        -:  330:            }
        -:  331:
  4194304:  332:            if (!conns[i])
  4194285:  333:                continue;
        -:  334:
       19:  335:            c = conns[i];
        -:  336:
       19:  337:            if (!IS_TCP(c->transport))
       12:  338:                continue;
        -:  339:
        7:  340:            if (c->state != conn_new_cmd && c->state != conn_read)
        6:  341:                continue;
        -:  342:
        1:  343:            if ((current_time - c->last_cmd_time) > settings.idle_timeout) {
        1:  344:                buf[0] = 't';
        1:  345:                memcpy(&buf[1], &i, sizeof(int));
        1:  346:                if (write(c->thread->notify_send_fd, buf, TIMEOUT_MSG_SIZE)
        -:  347:                    != TIMEOUT_MSG_SIZE)
    #####:  348:                    perror("Failed to write timeout to notify pipe");
        -:  349:            } else {
    #####:  350:                if (c->last_cmd_time < oldest_last_cmd)
        -:  351:                    oldest_last_cmd = c->last_cmd_time;
        -:  352:            }
        -:  353:        }
        -:  354:
        -:  355:        /* This is the soonest we could have another connection time out */
        4:  356:        sleep_time = settings.idle_timeout - (current_time - oldest_last_cmd) + 1;
        4:  357:        if (sleep_time <= 0)
        -:  358:            sleep_time = 1;
        -:  359:
        4:  360:        if (settings.verbose > 2)
    #####:  361:            fprintf(stderr,
        -:  362:                    "idle timeout thread finished pass, sleeping for %ds\n",
        -:  363:                    sleep_time);
        -:  364:
        4:  365:        struct timeval now;
        4:  366:        struct timespec to_sleep;
        4:  367:        gettimeofday(&now, NULL);
        4:  368:        to_sleep.tv_sec = now.tv_sec + sleep_time;
        4:  369:        to_sleep.tv_nsec = 0;
        -:  370:
        4:  371:        pthread_cond_timedwait(&conn_timeout_cond, &conn_timeout_lock, &to_sleep);
        -:  372:    }
        -:  373:
        1:  374:    mutex_unlock(&conn_timeout_lock);
        1:  375:    return NULL;
        -:  376:}
        -:  377:
        1:  378:static int start_conn_timeout_thread() {
        1:  379:    int ret;
        -:  380:
        1:  381:    if (settings.idle_timeout == 0)
        -:  382:        return -1;
        -:  383:
        1:  384:    do_run_conn_timeout_thread = 1;
        1:  385:    if ((ret = pthread_create(&conn_timeout_tid, NULL,
        -:  386:        conn_timeout_thread, NULL)) != 0) {
    #####:  387:        fprintf(stderr, "Can't create idle connection timeout thread: %s\n",
        -:  388:            strerror(ret));
    #####:  389:        return -1;
        -:  390:    }
        -:  391:
        -:  392:    return 0;
        -:  393:}
        -:  394:
      112:  395:int stop_conn_timeout_thread(void) {
      112:  396:    if (!do_run_conn_timeout_thread)
        -:  397:        return -1;
        1:  398:    mutex_lock(&conn_timeout_lock);
        1:  399:    do_run_conn_timeout_thread = 0;
        1:  400:    pthread_cond_signal(&conn_timeout_cond);
        1:  401:    mutex_unlock(&conn_timeout_lock);
        1:  402:    pthread_join(conn_timeout_tid, NULL);
        1:  403:    return 0;
        -:  404:}
        -:  405:
        -:  406:/*
        -:  407: * read buffer cache helper functions
        -:  408: */
   459133:  409:static void rbuf_release(conn *c) {
   459133:  410:    if (c->rbuf != NULL && c->rbytes == 0 && !IS_UDP(c->transport)) {
   454137:  411:        if (c->rbuf_malloced) {
        3:  412:            free(c->rbuf);
        3:  413:            c->rbuf_malloced = false;
        -:  414:        } else {
   454134:  415:            do_cache_free(c->thread->rbuf_cache, c->rbuf);
        -:  416:        }
   454137:  417:        c->rsize = 0;
   454137:  418:        c->rbuf = NULL;
   454137:  419:        c->rcurr = NULL;
        -:  420:    }
   459133:  421:}
        -:  422:
   457900:  423:static bool rbuf_alloc(conn *c) {
   457900:  424:    if (c->rbuf == NULL) {
   454137:  425:        c->rbuf = do_cache_alloc(c->thread->rbuf_cache);
   454137:  426:        if (!c->rbuf) {
    #####:  427:            THR_STATS_LOCK(c);
    #####:  428:            c->thread->stats.read_buf_oom++;
    #####:  429:            THR_STATS_UNLOCK(c);
    #####:  430:            return false;
        -:  431:        }
   454137:  432:        c->rsize = READ_BUFFER_SIZE;
   454137:  433:        c->rcurr = c->rbuf;
        -:  434:    }
        -:  435:    return true;
        -:  436:}
        -:  437:
        -:  438:// Just for handling huge ASCII multigets.
        -:  439:// The previous system was essentially the same; realloc'ing until big enough,
        -:  440:// then realloc'ing back down after the request finished.
        3:  441:bool rbuf_switch_to_malloc(conn *c) {
        -:  442:    // Might as well start with x2 and work from there.
        3:  443:    size_t size = c->rsize * 2;
        3:  444:    char *tmp = malloc(size);
        3:  445:    if (!tmp)
        -:  446:        return false;
        -:  447:
        3:  448:    do_cache_free(c->thread->rbuf_cache, c->rbuf);
        3:  449:    memcpy(tmp, c->rcurr, c->rbytes);
        -:  450:
        3:  451:    c->rcurr = c->rbuf = tmp;
        3:  452:    c->rsize = size;
        3:  453:    c->rbuf_malloced = true;
        3:  454:    return true;
        -:  455:}
        -:  456:
        -:  457:/*
        -:  458: * Initializes the connections array. We don't actually allocate connection
        -:  459: * structures until they're needed, so as to avoid wasting memory when the
        -:  460: * maximum connection count is much higher than the actual number of
        -:  461: * connections.
        -:  462: *
        -:  463: * This does end up wasting a few pointers' worth of memory for FDs that are
        -:  464: * used for things other than connections, but that's worth it in exchange for
        -:  465: * being able to directly index the conns array by FD.
        -:  466: */
      114:  467:static void conn_init(void) {
        -:  468:    /* We're unlikely to see an FD much higher than maxconns. */
      114:  469:    int next_fd = dup(1);
      114:  470:    if (next_fd < 0) {
    #####:  471:        perror("Failed to duplicate file descriptor\n");
    #####:  472:        exit(1);
        -:  473:    }
      114:  474:    int headroom = 10;      /* account for extra unexpected open FDs */
      114:  475:    struct rlimit rl;
        -:  476:
      114:  477:    max_fds = settings.maxconns + headroom + next_fd;
        -:  478:
        -:  479:    /* But if possible, get the actual highest FD we can possibly ever see. */
      114:  480:    if (getrlimit(RLIMIT_NOFILE, &rl) == 0) {
      114:  481:        max_fds = rl.rlim_max;
        -:  482:    } else {
    #####:  483:        fprintf(stderr, "Failed to query maximum file descriptor; "
        -:  484:                        "falling back to maxconns\n");
        -:  485:    }
        -:  486:
      114:  487:    close(next_fd);
        -:  488:
      114:  489:    if ((conns = calloc(max_fds, sizeof(conn *))) == NULL) {
    #####:  490:        fprintf(stderr, "Failed to allocate connection structures\n");
        -:  491:        /* This is unrecoverable so bail out early. */
    #####:  492:        exit(1);
        -:  493:    }
      114:  494:}
        -:  495:
     289*:  496:static const char *prot_text(enum protocol prot) {
     289*:  497:    char *rv = "unknown";
     289*:  498:    switch(prot) {
       2*:  499:        case ascii_prot:
       2*:  500:            rv = "ascii";
       2*:  501:            break;
       1*:  502:        case binary_prot:
       1*:  503:            rv = "binary";
       1*:  504:            break;
     286*:  505:        case negotiating_prot:
     286*:  506:            rv = "auto-negotiate";
     286*:  507:            break;
        -:  508:    }
     289*:  509:    return rv;
        -:  510:}
        -:  511:
        1:  512:void conn_close_idle(conn *c) {
        1:  513:    if (settings.idle_timeout > 0 &&
        1:  514:        (current_time - c->last_cmd_time) > settings.idle_timeout) {
        1:  515:        if (c->state != conn_new_cmd && c->state != conn_read) {
    #####:  516:            if (settings.verbose > 1)
    #####:  517:                fprintf(stderr,
        -:  518:                    "fd %d wants to timeout, but isn't in read state", c->sfd);
    #####:  519:            return;
        -:  520:        }
        -:  521:
        1:  522:        if (settings.verbose > 1)
    #####:  523:            fprintf(stderr, "Closing idle fd %d\n", c->sfd);
        -:  524:
        1:  525:        pthread_mutex_lock(&c->thread->stats.mutex);
        1:  526:        c->thread->stats.idle_kicks++;
        1:  527:        pthread_mutex_unlock(&c->thread->stats.mutex);
        -:  528:
        1:  529:        conn_set_state(c, conn_closing);
        1:  530:        drive_machine(c);
        -:  531:    }
        -:  532:}
        -:  533:
        -:  534:/* bring conn back from a sidethread. could have had its event base moved. */
      389:  535:void conn_worker_readd(conn *c) {
      389:  536:    if (c->state == conn_io_queue) {
      382:  537:        c->io_queues_submitted--;
        -:  538:        // If we're still waiting for other queues to return, don't re-add the
        -:  539:        // connection yet.
      382:  540:        if (c->io_queues_submitted != 0) {
        -:  541:            return;
        -:  542:        }
        -:  543:    }
      389:  544:    c->ev_flags = EV_READ | EV_PERSIST;
      389:  545:    event_set(&c->event, c->sfd, c->ev_flags, event_handler, (void *)c);
      389:  546:    event_base_set(c->thread->base, &c->event);
        -:  547:
        -:  548:    // TODO: call conn_cleanup/fail/etc
      389:  549:    if (event_add(&c->event, 0) == -1) {
    #####:  550:        perror("event_add");
        -:  551:    }
        -:  552:
        -:  553:    // side thread wanted us to close immediately.
      389:  554:    if (c->state == conn_closing) {
        5:  555:        drive_machine(c);
        5:  556:        return;
      384:  557:    } else if (c->state == conn_io_queue) {
        -:  558:        // machine will know how to return based on secondary state.
      382:  559:        drive_machine(c);
        -:  560:    } else {
        2:  561:        conn_set_state(c, conn_new_cmd);
        -:  562:    }
        -:  563:}
        -:  564:
     1202:  565:void conn_io_queue_add(conn *c, int type, void *ctx, io_queue_stack_cb cb, io_queue_stack_cb com_cb, io_queue_cb fin_cb) {
     1202:  566:    io_queue_t *q = c->io_queues;
     1210:  567:    while (q->type != IO_QUEUE_NONE) {
        8:  568:        q++;
        -:  569:    }
     1202:  570:    q->type = type;
     1202:  571:    q->ctx = ctx;
     1202:  572:    q->stack_ctx = NULL;
     1202:  573:    q->submit_cb = cb;
     1202:  574:    q->complete_cb = com_cb;
     1202:  575:    q->finalize_cb = fin_cb;
     1202:  576:    return;
        -:  577:}
        -:  578:
      388:  579:io_queue_t *conn_io_queue_get(conn *c, int type) {
      388:  580:    io_queue_t *q = c->io_queues;
      388:  581:    while (q->type != IO_QUEUE_NONE) {
      388:  582:        if (q->type == type) {
      388:  583:            return q;
        -:  584:        }
    #####:  585:        q++;
        -:  586:    }
        -:  587:    return NULL;
        -:  588:}
        -:  589:
        -:  590:// called after returning to the main worker thread.
        -:  591:// users of the queue need to distinguish if the IO was actually consumed or
        -:  592:// not and handle appropriately.
      382:  593:static void conn_io_queue_complete(conn *c) {
      382:  594:    io_queue_t *q = c->io_queues;
      764:  595:    while (q->type != IO_QUEUE_NONE) {
        -:  596:        // Reuse the same submit stack. We zero it out first so callbacks can
        -:  597:        // queue new IO's if necessary.
      382:  598:        if (q->stack_ctx) {
      382:  599:            void *tmp = q->stack_ctx;
      382:  600:            q->stack_ctx = NULL;
      382:  601:            q->complete_cb(q->ctx, tmp);
        -:  602:        }
      382:  603:        q++;
        -:  604:    }
        -:  605:}
        -:  606:
     1318:  607:conn *conn_new(const int sfd, enum conn_states init_state,
        -:  608:                const int event_flags,
        -:  609:                const int read_buffer_size, enum network_transport transport,
        -:  610:                struct event_base *base, void *ssl) {
     1318:  611:    conn *c;
        -:  612:
    1318*:  613:    assert(sfd >= 0 && sfd < max_fds);
     1318:  614:    c = conns[sfd];
        -:  615:
     1318:  616:    if (NULL == c) {
     1308:  617:        if (!(c = (conn *)calloc(1, sizeof(conn)))) {
    #####:  618:            STATS_LOCK();
    #####:  619:            stats.malloc_fails++;
    #####:  620:            STATS_UNLOCK();
    #####:  621:            fprintf(stderr, "Failed to allocate connection object\n");
    #####:  622:            return NULL;
        -:  623:        }
     1308:  624:        MEMCACHED_CONN_CREATE(c);
     1308:  625:        c->read = NULL;
     1308:  626:        c->sendmsg = NULL;
     1308:  627:        c->write = NULL;
     1308:  628:        c->rbuf = NULL;
        -:  629:
     1308:  630:        c->rsize = read_buffer_size;
        -:  631:
        -:  632:        // UDP connections use a persistent static buffer.
     1308:  633:        if (c->rsize) {
      196:  634:            c->rbuf = (char *)malloc((size_t)c->rsize);
        -:  635:        }
        -:  636:
     1308:  637:        if (c->rsize && c->rbuf == NULL) {
    #####:  638:            conn_free(c);
    #####:  639:            STATS_LOCK();
    #####:  640:            stats.malloc_fails++;
    #####:  641:            STATS_UNLOCK();
    #####:  642:            fprintf(stderr, "Failed to allocate buffers for connection\n");
    #####:  643:            return NULL;
        -:  644:        }
        -:  645:
        -:  646:
     1308:  647:        STATS_LOCK();
     1308:  648:        stats_state.conn_structs++;
     1308:  649:        STATS_UNLOCK();
        -:  650:
     1308:  651:        c->sfd = sfd;
     1308:  652:        conns[sfd] = c;
        -:  653:    }
        -:  654:
     1318:  655:    c->transport = transport;
     1318:  656:    c->protocol = settings.binding_protocol;
        -:  657:
        -:  658:    /* unix socket mode doesn't need this, so zeroed out.  but why
        -:  659:     * is this done for every command?  presumably for UDP
        -:  660:     * mode.  */
     1318:  661:    if (!settings.socketpath) {
      124:  662:        c->request_addr_size = sizeof(c->request_addr);
        -:  663:    } else {
     1194:  664:        c->request_addr_size = 0;
        -:  665:    }
        -:  666:
     1318:  667:    if (transport == tcp_transport && init_state == conn_new_cmd) {
       20:  668:        if (getpeername(sfd, (struct sockaddr *) &c->request_addr,
        -:  669:                        &c->request_addr_size)) {
    #####:  670:            perror("getpeername");
    #####:  671:            memset(&c->request_addr, 0, sizeof(c->request_addr));
        -:  672:        }
        -:  673:    }
        -:  674:
     1318:  675:    if (settings.verbose > 1) {
        6:  676:        if (init_state == conn_listening) {
        6:  677:            fprintf(stderr, "<%d server listening (%s)\n", sfd,
        -:  678:                prot_text(c->protocol));
        3:  679:        } else if (IS_UDP(transport)) {
    #####:  680:            fprintf(stderr, "<%d server listening (udp)\n", sfd);
        3:  681:        } else if (c->protocol == negotiating_prot) {
        1:  682:            fprintf(stderr, "<%d new auto-negotiating client connection\n",
        -:  683:                    sfd);
        2:  684:        } else if (c->protocol == ascii_prot) {
        1:  685:            fprintf(stderr, "<%d new ascii client connection.\n", sfd);
        1:  686:        } else if (c->protocol == binary_prot) {
        1:  687:            fprintf(stderr, "<%d new binary client connection.\n", sfd);
        -:  688:        } else {
    #####:  689:            fprintf(stderr, "<%d new unknown (%d) client connection\n",
        -:  690:                sfd, c->protocol);
    #####:  691:            assert(false);
        -:  692:        }
        -:  693:    }
        -:  694:
        -:  695:#ifdef TLS
        -:  696:    c->ssl = NULL;
        -:  697:    c->ssl_wbuf = NULL;
        -:  698:    c->ssl_enabled = false;
        -:  699:#endif
     1318:  700:    c->state = init_state;
     1318:  701:    c->rlbytes = 0;
     1318:  702:    c->cmd = -1;
     1318:  703:    c->rbytes = 0;
     1318:  704:    c->rcurr = c->rbuf;
     1318:  705:    c->ritem = 0;
     1318:  706:    c->rbuf_malloced = false;
     1318:  707:    c->sasl_started = false;
     1318:  708:    c->set_stale = false;
     1318:  709:    c->mset_res = false;
     1318:  710:    c->close_after_write = false;
     1318:  711:    c->last_cmd_time = current_time; /* initialize for idle kicker */
        -:  712:    // wipe all queues.
     1318:  713:    memset(c->io_queues, 0, sizeof(c->io_queues));
     1318:  714:    c->io_queues_submitted = 0;
        -:  715:
     1318:  716:    c->item = 0;
        -:  717:
     1318:  718:    c->noreply = false;
        -:  719:
        -:  720:#ifdef TLS
        -:  721:    if (ssl) {
        -:  722:        c->ssl = (SSL*)ssl;
        -:  723:        c->read = ssl_read;
        -:  724:        c->sendmsg = ssl_sendmsg;
        -:  725:        c->write = ssl_write;
        -:  726:        c->ssl_enabled = true;
        -:  727:        SSL_set_info_callback(c->ssl, ssl_callback);
        -:  728:    } else
        -:  729:#else
        -:  730:    // This must be NULL if TLS is not enabled.
    1318*:  731:    assert(ssl == NULL);
        -:  732:#endif
        -:  733:    {
     1318:  734:        c->read = tcp_read;
     1318:  735:        c->sendmsg = tcp_sendmsg;
     1318:  736:        c->write = tcp_write;
        -:  737:    }
        -:  738:
     1318:  739:    if (IS_UDP(transport)) {
       72:  740:        c->try_read_command = try_read_command_udp;
        -:  741:    } else {
     1246:  742:        switch (c->protocol) {
        7:  743:            case ascii_prot:
        7:  744:                if (settings.auth_file == NULL) {
        4:  745:                    c->authenticated = true;
        4:  746:                    c->try_read_command = try_read_command_ascii;
        -:  747:                } else {
        3:  748:                    c->authenticated = false;
        3:  749:                    c->try_read_command = try_read_command_asciiauth;
        -:  750:                }
        -:  751:                break;
        6:  752:            case binary_prot:
        -:  753:                // binprot handles its own authentication via SASL parsing.
        6:  754:                c->authenticated = false;
        6:  755:                c->try_read_command = try_read_command_binary;
        6:  756:                break;
     1233:  757:            case negotiating_prot:
     1233:  758:                c->try_read_command = try_read_command_negotiate;
     1233:  759:                break;
        -:  760:        }
     1318:  761:    }
        -:  762:
     1318:  763:    event_set(&c->event, sfd, event_flags, event_handler, (void *)c);
     1318:  764:    event_base_set(base, &c->event);
     1318:  765:    c->ev_flags = event_flags;
        -:  766:
     1318:  767:    if (event_add(&c->event, 0) == -1) {
    #####:  768:        perror("event_add");
    #####:  769:        return NULL;
        -:  770:    }
        -:  771:
     1318:  772:    STATS_LOCK();
     1318:  773:    stats_state.curr_conns++;
     1318:  774:    stats.total_conns++;
     1318:  775:    STATS_UNLOCK();
        -:  776:
     1318:  777:    MEMCACHED_CONN_ALLOCATE(c->sfd);
        -:  778:
     1318:  779:    return c;
        -:  780:}
        -:  781:
   465042:  782:void conn_release_items(conn *c) {
  465042*:  783:    assert(c != NULL);
        -:  784:
   465042:  785:    if (c->item) {
        2:  786:        item_remove(c->item);
        2:  787:        c->item = 0;
        -:  788:    }
        -:  789:
        -:  790:    // Cull any unsent responses.
   465042:  791:    if (c->resp_head) {
        -:  792:        mc_resp *resp = c->resp_head;
        -:  793:        // r_f() handles the chain maintenance.
      110:  794:        while (resp) {
        -:  795:            // temporary by default. hide behind a debug flag in the future:
        -:  796:            // double free detection. Transmit loops can drop out early, but
        -:  797:            // here we could infinite loop.
       88:  798:            if (resp->free) {
    #####:  799:                fprintf(stderr, "ERROR: double free detected during conn_release_items(): [%d] [%s]\n",
    #####:  800:                        c->sfd, c->protocol == binary_prot ? "binary" : "ascii");
        -:  801:                // Since this is a critical failure, just leak the memory.
        -:  802:                // If these errors are seen, an abort() can be used instead.
    #####:  803:                c->resp_head = NULL;
    #####:  804:                c->resp = NULL;
    #####:  805:                break;
        -:  806:            }
       88:  807:            resp = resp_finish(c, resp);
        -:  808:        }
        -:  809:    }
   465042:  810:}
        -:  811:
     1318:  812:static void conn_cleanup(conn *c) {
    1318*:  813:    assert(c != NULL);
        -:  814:
     1318:  815:    conn_release_items(c);
        -:  816:
     1318:  817:    if (c->sasl_conn) {
    #####:  818:        assert(settings.sasl);
    #####:  819:        sasl_dispose(&c->sasl_conn);
    #####:  820:        c->sasl_conn = NULL;
        -:  821:    }
        -:  822:
     1318:  823:    if (IS_UDP(c->transport)) {
       72:  824:        conn_set_state(c, conn_read);
        -:  825:    }
     1318:  826:}
        -:  827:
        -:  828:/*
        -:  829: * Frees a connection.
        -:  830: */
    #####:  831:void conn_free(conn *c) {
    #####:  832:    if (c) {
    #####:  833:        assert(c != NULL);
    #####:  834:        assert(c->sfd >= 0 && c->sfd < max_fds);
        -:  835:
    #####:  836:        MEMCACHED_CONN_DESTROY(c);
    #####:  837:        conns[c->sfd] = NULL;
    #####:  838:        if (c->rbuf)
    #####:  839:            free(c->rbuf);
        -:  840:#ifdef TLS
        -:  841:        if (c->ssl_wbuf)
        -:  842:            c->ssl_wbuf = NULL;
        -:  843:#endif
        -:  844:
    #####:  845:        free(c);
        -:  846:    }
    #####:  847:}
        -:  848:
     1318:  849:static void conn_close(conn *c) {
    1318*:  850:    assert(c != NULL);
        -:  851:
        -:  852:    /* delete the event, the socket and the conn */
     1318:  853:    event_del(&c->event);
        -:  854:
     1318:  855:    if (settings.verbose > 1)
        6:  856:        fprintf(stderr, "<%d connection closed.\n", c->sfd);
        -:  857:
     1318:  858:    conn_cleanup(c);
        -:  859:
        -:  860:    // force release of read buffer.
     1318:  861:    if (c->thread) {
     1194:  862:        c->rbytes = 0;
     1194:  863:        rbuf_release(c);
        -:  864:    }
        -:  865:
     1318:  866:    MEMCACHED_CONN_RELEASE(c->sfd);
     1318:  867:    conn_set_state(c, conn_closed);
        -:  868:#ifdef TLS
        -:  869:    if (c->ssl) {
        -:  870:        SSL_shutdown(c->ssl);
        -:  871:        SSL_free(c->ssl);
        -:  872:    }
        -:  873:#endif
     1318:  874:    close(c->sfd);
     1318:  875:    pthread_mutex_lock(&conn_lock);
     1318:  876:    allow_new_conns = true;
     1318:  877:    pthread_mutex_unlock(&conn_lock);
        -:  878:
     1318:  879:    STATS_LOCK();
     1318:  880:    stats_state.curr_conns--;
     1318:  881:    STATS_UNLOCK();
        -:  882:
     1318:  883:    return;
        -:  884:}
        -:  885:
        -:  886:// Since some connections might be off on side threads and some are managed as
        -:  887:// listeners we need to walk through them all from a central point.
        -:  888:// Must be called with all worker threads hung or in the process of closing.
      112:  889:void conn_close_all(void) {
      112:  890:    int i;
117440624:  891:    for (i = 0; i < max_fds; i++) {
117440512:  892:        if (conns[i] && conns[i]->state != conn_closed) {
      203:  893:            conn_close(conns[i]);
        -:  894:        }
        -:  895:    }
      112:  896:}
        -:  897:
        -:  898:/**
        -:  899: * Convert a state name to a human readable form.
        -:  900: */
      16*:  901:static const char *state_text(enum conn_states state) {
      16*:  902:    const char* const statenames[] = { "conn_listening",
        -:  903:                                       "conn_new_cmd",
        -:  904:                                       "conn_waiting",
        -:  905:                                       "conn_read",
        -:  906:                                       "conn_parse_cmd",
        -:  907:                                       "conn_write",
        -:  908:                                       "conn_nread",
        -:  909:                                       "conn_swallow",
        -:  910:                                       "conn_closing",
        -:  911:                                       "conn_mwrite",
        -:  912:                                       "conn_closed",
        -:  913:                                       "conn_watch",
        -:  914:                                       "conn_io_queue" };
      16*:  915:    return statenames[state];
        -:  916:}
        -:  917:
        -:  918:/*
        -:  919: * Sets a connection's current state in the state machine. Any special
        -:  920: * processing that needs to happen on certain state transitions can
        -:  921: * happen here.
        -:  922: */
  3254197:  923:void conn_set_state(conn *c, enum conn_states state) {
 3254197*:  924:    assert(c != NULL);
 3254197*:  925:    assert(state >= conn_listening && state < conn_max_state);
        -:  926:
  3254197:  927:    if (state != c->state) {
  3254124:  928:        if (settings.verbose > 2) {
    #####:  929:            fprintf(stderr, "%d: going from %s to %s\n",
        -:  930:                    c->sfd, state_text(c->state),
        -:  931:                    state_text(state));
        -:  932:        }
        -:  933:
  3254124:  934:        if (state == conn_write || state == conn_mwrite) {
  3254124:  935:            MEMCACHED_PROCESS_COMMAND_END(c->sfd, c->resp->wbuf, c->resp->wbytes);
        -:  936:        }
  3254124:  937:        c->state = state;
        -:  938:    }
  3254197:  939:}
        -:  940:
        -:  941:/*
        -:  942: * response object helper functions
        -:  943: */
   459964:  944:void resp_reset(mc_resp *resp) {
   459964:  945:    if (resp->item) {
    #####:  946:        item_remove(resp->item);
    #####:  947:        resp->item = NULL;
        -:  948:    }
   459964:  949:    if (resp->write_and_free) {
    #####:  950:        free(resp->write_and_free);
    #####:  951:        resp->write_and_free = NULL;
        -:  952:    }
   459964:  953:    resp->wbytes = 0;
   459964:  954:    resp->tosend = 0;
   459964:  955:    resp->iovcnt = 0;
   459964:  956:    resp->chunked_data_iov = 0;
   459964:  957:    resp->chunked_total = 0;
   459964:  958:    resp->skip = false;
   459964:  959:}
        -:  960:
   528332:  961:void resp_add_iov(mc_resp *resp, const void *buf, int len) {
  528332*:  962:    assert(resp->iovcnt < MC_RESP_IOVCOUNT);
   528332:  963:    int x = resp->iovcnt;
   528332:  964:    resp->iov[x].iov_base = (void *)buf;
   528332:  965:    resp->iov[x].iov_len = len;
   528332:  966:    resp->iovcnt++;
   528332:  967:    resp->tosend += len;
   528332:  968:}
        -:  969:
        -:  970:// Notes that an IOV should be handled as a chunked item header.
        -:  971:// TODO: I'm hoping this isn't a permanent abstraction while I learn what the
        -:  972:// API should be.
    18974:  973:void resp_add_chunked_iov(mc_resp *resp, const void *buf, int len) {
    18974:  974:    resp->chunked_data_iov = resp->iovcnt;
    18974:  975:    resp->chunked_total = len;
    18974:  976:    resp_add_iov(resp, buf, len);
    18974:  977:}
        -:  978:
        -:  979:// resp_allocate and resp_free are a wrapper around read buffers which makes
        -:  980:// read buffers the only network memory to track.
        -:  981:// Normally this would be too excessive. In this case it allows end users to
        -:  982:// track a single memory limit for ephemeral connection buffers.
        -:  983:// Fancy bit twiddling tricks are avoided to help keep this straightforward.
        -:  984:static mc_resp* resp_allocate(conn *c) {
        -:  985:    LIBEVENT_THREAD *th = c->thread;
        -:  986:    mc_resp *resp = NULL;
        -:  987:    mc_resp_bundle *b = th->open_bundle;
        -:  988:
        -:  989:    if (b != NULL) {
        -:  990:        for (int i = 0; i < MAX_RESP_PER_BUNDLE; i++) {
        -:  991:            // loop around starting from the most likely to be free
        -:  992:            int x = (i + b->next_check) % MAX_RESP_PER_BUNDLE;
        -:  993:            if (b->r[x].free) {
        -:  994:                resp = &b->r[x];
        -:  995:                b->next_check = x+1;
        -:  996:                break;
        -:  997:            }
        -:  998:        }
        -:  999:
        -: 1000:        if (resp != NULL) {
        -: 1001:            b->refcount++;
        -: 1002:            resp->free = false;
        -: 1003:            if (b->refcount == MAX_RESP_PER_BUNDLE) {
        -: 1004:                assert(b->prev == NULL);
        -: 1005:                // We only allocate off the head. Assign new head.
        -: 1006:                th->open_bundle = b->next;
        -: 1007:                // Remove ourselves from the list.
        -: 1008:                if (b->next) {
        -: 1009:                    b->next->prev = 0;
        -: 1010:                    b->next = 0;
        -: 1011:                }
        -: 1012:            }
        -: 1013:        }
        -: 1014:    }
        -: 1015:
        -: 1016:    if (resp == NULL) {
        -: 1017:        assert(th->open_bundle == NULL);
        -: 1018:        b = do_cache_alloc(th->rbuf_cache);
        -: 1019:        if (b) {
        -: 1020:            THR_STATS_LOCK(c);
        -: 1021:            c->thread->stats.response_obj_bytes += READ_BUFFER_SIZE;
        -: 1022:            THR_STATS_UNLOCK(c);
        -: 1023:            b->next_check = 1;
        -: 1024:            b->refcount = 1;
        -: 1025:            for (int i = 0; i < MAX_RESP_PER_BUNDLE; i++) {
        -: 1026:                b->r[i].bundle = b;
        -: 1027:                b->r[i].free = true;
        -: 1028:            }
        -: 1029:            b->next = 0;
        -: 1030:            b->prev = 0;
        -: 1031:            th->open_bundle = b;
        -: 1032:            resp = &b->r[0];
        -: 1033:            resp->free = false;
        -: 1034:        } else {
        -: 1035:            return NULL;
        -: 1036:        }
        -: 1037:    }
        -: 1038:
        -: 1039:    return resp;
        -: 1040:}
        -: 1041:
        -: 1042:static void resp_free(conn *c, mc_resp *resp) {
        -: 1043:    LIBEVENT_THREAD *th = c->thread;
        -: 1044:    mc_resp_bundle *b = resp->bundle;
        -: 1045:
        -: 1046:    resp->free = true;
        -: 1047:    b->refcount--;
        -: 1048:    if (b->refcount == 0) {
        -: 1049:        if (b == th->open_bundle && b->next == 0) {
        -: 1050:            // This is the final bundle. Just hold and reuse to skip init loop
        -: 1051:            assert(b->prev == 0);
        -: 1052:            b->next_check = 0;
        -: 1053:        } else {
        -: 1054:            // Assert that we're either in the list or at the head.
        -: 1055:            assert((b->next || b->prev) || b == th->open_bundle);
        -: 1056:
        -: 1057:            // unlink from list.
        -: 1058:            mc_resp_bundle **head = &th->open_bundle;
        -: 1059:            if (*head == b) *head = b->next;
        -: 1060:            // Not tracking the tail.
        -: 1061:            assert(b->next != b && b->prev != b);
        -: 1062:
        -: 1063:            if (b->next) b->next->prev = b->prev;
        -: 1064:            if (b->prev) b->prev->next = b->next;
        -: 1065:
        -: 1066:            // Now completely done with this buffer.
        -: 1067:            do_cache_free(th->rbuf_cache, b);
        -: 1068:            THR_STATS_LOCK(c);
        -: 1069:            c->thread->stats.response_obj_bytes -= READ_BUFFER_SIZE;
        -: 1070:            THR_STATS_UNLOCK(c);
        -: 1071:        }
        -: 1072:    } else {
        -: 1073:        mc_resp_bundle **head = &th->open_bundle;
        -: 1074:        // NOTE: since we're not tracking tail, latest free ends up in head.
        -: 1075:        if (b == th->open_bundle || (b->prev || b->next)) {
        -: 1076:            // If we're already linked, leave it in place to save CPU.
        -: 1077:        } else {
        -: 1078:            // Non-zero refcount, need to link into the freelist.
        -: 1079:            b->prev = 0;
        -: 1080:            b->next = *head;
        -: 1081:            if (b->next) b->next->prev = b;
        -: 1082:            *head = b;
        -: 1083:        }
        -: 1084:
        -: 1085:    }
        -: 1086:}
        -: 1087:
   615236: 1088:bool resp_start(conn *c) {
   615236: 1089:    mc_resp *resp = resp_allocate(c);
   615236: 1090:    if (!resp) {
        2: 1091:        THR_STATS_LOCK(c);
        2: 1092:        c->thread->stats.response_obj_oom++;
        2: 1093:        THR_STATS_UNLOCK(c);
        2: 1094:        return false;
        -: 1095:    }
        -: 1096:    // handling the stats counters here to simplify testing
   615234: 1097:    THR_STATS_LOCK(c);
   615234: 1098:    c->thread->stats.response_obj_count++;
   615234: 1099:    THR_STATS_UNLOCK(c);
        -: 1100:    // Skip zeroing the bundle pointer at the start.
        -: 1101:    // TODO: this line is here temporarily to make the code easy to disable.
        -: 1102:    // when it's more mature, move the memset into resp_allocate() and have it
        -: 1103:    // set the bundle pointer on allocate so this line isn't as complex.
   615234: 1104:    memset((char *)resp + sizeof(mc_resp_bundle*), 0, sizeof(*resp) - sizeof(mc_resp_bundle*));
        -: 1105:    // TODO: this next line works. memset _does_ show up significantly under
        -: 1106:    // perf reports due to zeroing out the entire resp->wbuf. before swapping
        -: 1107:    // the lines more validation work should be done to ensure wbuf's aren't
        -: 1108:    // accidentally reused without being written to.
        -: 1109:    //memset((char *)resp + sizeof(mc_resp_bundle*), 0, offsetof(mc_resp, wbuf));
   615234: 1110:    if (!c->resp_head) {
   463742: 1111:        c->resp_head = resp;
        -: 1112:    }
   615234: 1113:    if (!c->resp) {
   463742: 1114:        c->resp = resp;
        -: 1115:    } else {
   151492: 1116:        c->resp->next = resp;
   151492: 1117:        c->resp = resp;
        -: 1118:    }
   615234: 1119:    if (IS_UDP(c->transport)) {
        -: 1120:        // need to hold on to some data for async responses.
       18: 1121:        c->resp->request_id = c->request_id;
       18: 1122:        c->resp->request_addr = c->request_addr;
       18: 1123:        c->resp->request_addr_size = c->request_addr_size;
        -: 1124:    }
        -: 1125:    return true;
        -: 1126:}
        -: 1127:
        -: 1128:// returns next response in chain.
   615234: 1129:mc_resp* resp_finish(conn *c, mc_resp *resp) {
   615234: 1130:    mc_resp *next = resp->next;
   615234: 1131:    if (resp->item) {
        -: 1132:        // TODO: cache hash value in resp obj?
    55024: 1133:        item_remove(resp->item);
    55024: 1134:        resp->item = NULL;
        -: 1135:    }
   615234: 1136:    if (resp->write_and_free) {
     2972: 1137:        free(resp->write_and_free);
        -: 1138:    }
   615234: 1139:    if (resp->io_pending) {
        -: 1140:        // If we had a pending IO, tell it to internally clean up then return
        -: 1141:        // the main object back to our thread cache.
      387: 1142:        resp->io_pending->q->finalize_cb(resp->io_pending);
      387: 1143:        do_cache_free(c->thread->io_cache, resp->io_pending);
      387: 1144:        resp->io_pending = NULL;
        -: 1145:    }
   615234: 1146:    if (c->resp_head == resp) {
   615234: 1147:        c->resp_head = next;
        -: 1148:    }
   615234: 1149:    if (c->resp == resp) {
   463742: 1150:        c->resp = NULL;
        -: 1151:    }
   615234: 1152:    resp_free(c, resp);
   615234: 1153:    THR_STATS_LOCK(c);
   615234: 1154:    c->thread->stats.response_obj_count--;
   615234: 1155:    THR_STATS_UNLOCK(c);
   615234: 1156:    return next;
        -: 1157:}
        -: 1158:
        -: 1159:// tells if connection has a depth of response objects to process.
        9: 1160:bool resp_has_stack(conn *c) {
        9: 1161:    return c->resp_head->next != NULL ? true : false;
        -: 1162:}
        -: 1163:
   445067: 1164:void out_string(conn *c, const char *str) {
   445067: 1165:    size_t len;
  445067*: 1166:    assert(c != NULL);
   445067: 1167:    mc_resp *resp = c->resp;
        -: 1168:
        -: 1169:    // if response was original filled with something, but we're now writing
        -: 1170:    // out an error or similar, have to reset the object first.
        -: 1171:    // TODO: since this is often redundant with allocation, how many callers
        -: 1172:    // are actually requiring it be reset? Can we fast test by just looking at
        -: 1173:    // tosend and reset if nonzero?
   445067: 1174:    resp_reset(resp);
        -: 1175:
   445067: 1176:    if (c->noreply) {
        -: 1177:        // TODO: just invalidate the response since nothing's been attempted
        -: 1178:        // to send yet?
   162854: 1179:        resp->skip = true;
   162854: 1180:        if (settings.verbose > 1)
    #####: 1181:            fprintf(stderr, ">%d NOREPLY %s\n", c->sfd, str);
   162854: 1182:        conn_set_state(c, conn_new_cmd);
   162854: 1183:        return;
        -: 1184:    }
        -: 1185:
   282213: 1186:    if (settings.verbose > 1)
    #####: 1187:        fprintf(stderr, ">%d %s\n", c->sfd, str);
        -: 1188:
        -: 1189:    // Fill response object with static string.
        -: 1190:
   282213: 1191:    len = strlen(str);
   282213: 1192:    if ((len + 2) > WRITE_BUFFER_SIZE) {
        -: 1193:        /* ought to be always enough. just fail for simplicity */
    #####: 1194:        str = "SERVER_ERROR output line too long";
    #####: 1195:        len = strlen(str);
        -: 1196:    }
        -: 1197:
   282213: 1198:    memcpy(resp->wbuf, str, len);
   282213: 1199:    memcpy(resp->wbuf + len, "\r\n", 2);
   282213: 1200:    resp_add_iov(resp, resp->wbuf, len + 2);
        -: 1201:
   282213: 1202:    conn_set_state(c, conn_new_cmd);
   282213: 1203:    return;
        -: 1204:}
        -: 1205:
        -: 1206:// For metaget-style ASCII commands. Ignores noreply, ensuring clients see
        -: 1207:// protocol level errors.
        4: 1208:void out_errstring(conn *c, const char *str) {
        4: 1209:    c->noreply = false;
        4: 1210:    out_string(c, str);
        4: 1211:}
        -: 1212:
        -: 1213:/*
        -: 1214: * Outputs a protocol-specific "out of memory" error. For ASCII clients,
        -: 1215: * this is equivalent to out_string().
        -: 1216: */
        7: 1217:void out_of_memory(conn *c, char *ascii_error) {
        7: 1218:    const static char error_prefix[] = "SERVER_ERROR ";
        7: 1219:    const static int error_prefix_len = sizeof(error_prefix) - 1;
        -: 1220:
        7: 1221:    if (c->protocol == binary_prot) {
        -: 1222:        /* Strip off the generic error prefix; it's irrelevant in binary */
    #####: 1223:        if (!strncmp(ascii_error, error_prefix, error_prefix_len)) {
    #####: 1224:            ascii_error += error_prefix_len;
        -: 1225:        }
    #####: 1226:        write_bin_error(c, PROTOCOL_BINARY_RESPONSE_ENOMEM, ascii_error, 0);
        -: 1227:    } else {
        7: 1228:        out_string(c, ascii_error);
        -: 1229:    }
        7: 1230:}
        -: 1231:
     3916: 1232:static void append_bin_stats(const char *key, const uint16_t klen,
        -: 1233:                             const char *val, const uint32_t vlen,
        -: 1234:                             conn *c) {
     3916: 1235:    char *buf = c->stats.buffer + c->stats.offset;
     3916: 1236:    uint32_t bodylen = klen + vlen;
     3916: 1237:    protocol_binary_response_header header = {
        -: 1238:        .response.magic = (uint8_t)PROTOCOL_BINARY_RES,
        -: 1239:        .response.opcode = PROTOCOL_BINARY_CMD_STAT,
     3916: 1240:        .response.keylen = (uint16_t)htons(klen),
        -: 1241:        .response.datatype = (uint8_t)PROTOCOL_BINARY_RAW_BYTES,
     3916: 1242:        .response.bodylen = htonl(bodylen),
     3916: 1243:        .response.opaque = c->opaque
        -: 1244:    };
        -: 1245:
     3916: 1246:    memcpy(buf, header.bytes, sizeof(header.response));
     3916: 1247:    buf += sizeof(header.response);
        -: 1248:
     3916: 1249:    if (klen > 0) {
     3864: 1250:        memcpy(buf, key, klen);
     3864: 1251:        buf += klen;
        -: 1252:
     3864: 1253:        if (vlen > 0) {
     3864: 1254:            memcpy(buf, val, vlen);
        -: 1255:        }
        -: 1256:    }
        -: 1257:
     3916: 1258:    c->stats.offset += sizeof(header.response) + bodylen;
     3916: 1259:}
        -: 1260:
   255583: 1261:static void append_ascii_stats(const char *key, const uint16_t klen,
        -: 1262:                               const char *val, const uint32_t vlen,
        -: 1263:                               conn *c) {
   255583: 1264:    char *pos = c->stats.buffer + c->stats.offset;
   255583: 1265:    uint32_t nbytes = 0;
   255583: 1266:    int remaining = c->stats.size - c->stats.offset;
   255583: 1267:    int room = remaining - 1;
        -: 1268:
   255583: 1269:    if (klen == 0 && vlen == 0) {
     2910: 1270:        nbytes = snprintf(pos, room, "END\r\n");
   252673: 1271:    } else if (vlen == 0) {
    #####: 1272:        nbytes = snprintf(pos, room, "STAT %s\r\n", key);
        -: 1273:    } else {
   252673: 1274:        nbytes = snprintf(pos, room, "STAT %s %s\r\n", key, val);
        -: 1275:    }
        -: 1276:
   255583: 1277:    c->stats.offset += nbytes;
   255583: 1278:}
        -: 1279:
   259499: 1280:static bool grow_stats_buf(conn *c, size_t needed) {
   259499: 1281:    size_t nsize = c->stats.size;
   259499: 1282:    size_t available = nsize - c->stats.offset;
   259499: 1283:    bool rv = true;
        -: 1284:
        -: 1285:    /* Special case: No buffer -- need to allocate fresh */
   259499: 1286:    if (c->stats.buffer == NULL) {
     2962: 1287:        nsize = 1024;
     2962: 1288:        available = c->stats.size = c->stats.offset = 0;
        -: 1289:    }
        -: 1290:
   265251: 1291:    while (needed > available) {
    5752*: 1292:        assert(nsize > 0);
     5752: 1293:        nsize = nsize << 1;
     5752: 1294:        available = nsize - c->stats.offset;
        -: 1295:    }
        -: 1296:
   259499: 1297:    if (nsize != c->stats.size) {
     5752: 1298:        char *ptr = realloc(c->stats.buffer, nsize);
     5752: 1299:        if (ptr) {
     5752: 1300:            c->stats.buffer = ptr;
     5752: 1301:            c->stats.size = nsize;
        -: 1302:        } else {
    #####: 1303:            STATS_LOCK();
    #####: 1304:            stats.malloc_fails++;
    #####: 1305:            STATS_UNLOCK();
    #####: 1306:            rv = false;
        -: 1307:        }
        -: 1308:    }
        -: 1309:
   259499: 1310:    return rv;
        -: 1311:}
        -: 1312:
   259499: 1313:void append_stats(const char *key, const uint16_t klen,
        -: 1314:                  const char *val, const uint32_t vlen,
        -: 1315:                  const void *cookie)
        -: 1316:{
        -: 1317:    /* value without a key is invalid */
   259499: 1318:    if (klen == 0 && vlen > 0) {
        -: 1319:        return;
        -: 1320:    }
        -: 1321:
   259499: 1322:    conn *c = (conn*)cookie;
        -: 1323:
   259499: 1324:    if (c->protocol == binary_prot) {
     3916: 1325:        size_t needed = vlen + klen + sizeof(protocol_binary_response_header);
     3916: 1326:        if (!grow_stats_buf(c, needed)) {
        -: 1327:            return;
        -: 1328:        }
     3916: 1329:        append_bin_stats(key, klen, val, vlen, c);
        -: 1330:    } else {
   255583: 1331:        size_t needed = vlen + klen + 10; // 10 == "STAT = \r\n"
   255583: 1332:        if (!grow_stats_buf(c, needed)) {
        -: 1333:            return;
        -: 1334:        }
   255583: 1335:        append_ascii_stats(key, klen, val, vlen, c);
        -: 1336:    }
        -: 1337:
  259499*: 1338:    assert(c->stats.offset <= c->stats.size);
        -: 1339:}
        -: 1340:
   939565: 1341:static void reset_cmd_handler(conn *c) {
   939565: 1342:    c->cmd = -1;
   939565: 1343:    c->substate = bin_no_state;
   939565: 1344:    if (c->item != NULL) {
        -: 1345:        // TODO: Any other way to get here?
        -: 1346:        // SASL auth was mistakenly using it. Nothing else should?
    #####: 1347:        item_remove(c->item);
    #####: 1348:        c->item = NULL;
        -: 1349:    }
   939565: 1350:    if (c->rbytes > 0) {
   146373: 1351:        conn_set_state(c, conn_parse_cmd);
   793192: 1352:    } else if (c->resp_head) {
   339030: 1353:        conn_set_state(c, conn_mwrite);
        -: 1354:    } else {
   454162: 1355:        conn_set_state(c, conn_waiting);
        -: 1356:    }
   939565: 1357:}
        -: 1358:
   325881: 1359:static void complete_nread(conn *c) {
  325881*: 1360:    assert(c != NULL);
  325881*: 1361:    assert(c->protocol == ascii_prot
        -: 1362:           || c->protocol == binary_prot);
        -: 1363:
   325881: 1364:    if (c->protocol == ascii_prot) {
   301546: 1365:        complete_nread_ascii(c);
    24335: 1366:    } else if (c->protocol == binary_prot) {
    24335: 1367:        complete_nread_binary(c);
        -: 1368:    }
   325881: 1369:}
        -: 1370:
        -: 1371:/* Destination must always be chunked */
        -: 1372:/* This should be part of item.c */
    27032: 1373:static int _store_item_copy_chunks(item *d_it, item *s_it, const int len) {
    27032: 1374:    item_chunk *dch = (item_chunk *) ITEM_schunk(d_it);
        -: 1375:    /* Advance dch until we find free space */
    77099: 1376:    while (dch->size == dch->used) {
    77099: 1377:        if (dch->next) {
        -: 1378:            dch = dch->next;
        -: 1379:        } else {
        -: 1380:            break;
        -: 1381:        }
        -: 1382:    }
        -: 1383:
    27032: 1384:    if (s_it->it_flags & ITEM_CHUNKED) {
    13516: 1385:        int remain = len;
    13516: 1386:        item_chunk *sch = (item_chunk *) ITEM_schunk(s_it);
    13516: 1387:        int copied = 0;
        -: 1388:        /* Fills dch's to capacity, not straight copy sch in case data is
        -: 1389:         * being added or removed (ie append/prepend)
        -: 1390:         */
   136671: 1391:        while (sch && dch && remain) {
  123155*: 1392:            assert(dch->used <= dch->size);
   123155: 1393:            int todo = (dch->size - dch->used < sch->used - copied)
        -: 1394:                ? dch->size - dch->used : sch->used - copied;
   123155: 1395:            if (remain < todo)
        -: 1396:                todo = remain;
   123155: 1397:            memcpy(dch->data + dch->used, sch->data + copied, todo);
   123155: 1398:            dch->used += todo;
   123155: 1399:            copied += todo;
   123155: 1400:            remain -= todo;
  123155*: 1401:            assert(dch->used <= dch->size);
   123155: 1402:            if (dch->size == dch->used) {
    73103: 1403:                item_chunk *tch = do_item_alloc_chunk(dch, remain);
    73103: 1404:                if (tch) {
        -: 1405:                    dch = tch;
        -: 1406:                } else {
        -: 1407:                    return -1;
        -: 1408:                }
        -: 1409:            }
  123155*: 1410:            assert(copied <= sch->used);
   123155: 1411:            if (copied == sch->used) {
    93361: 1412:                copied = 0;
    93361: 1413:                sch = sch->next;
        -: 1414:            }
        -: 1415:        }
        -: 1416:        /* assert that the destination had enough space for the source */
   13516*: 1417:        assert(remain == 0);
        -: 1418:    } else {
        -: 1419:        int done = 0;
        -: 1420:        /* Fill dch's via a non-chunked item. */
    40548: 1421:        while (len > done && dch) {
    27032: 1422:            int todo = (dch->size - dch->used < len - done)
        -: 1423:                ? dch->size - dch->used : len - done;
        -: 1424:            //assert(dch->size - dch->used != 0);
    27032: 1425:            memcpy(dch->data + dch->used, ITEM_data(s_it) + done, todo);
    27032: 1426:            done += todo;
    27032: 1427:            dch->used += todo;
   27032*: 1428:            assert(dch->used <= dch->size);
    27032: 1429:            if (dch->size == dch->used) {
    27032: 1430:                item_chunk *tch = do_item_alloc_chunk(dch, len - done);
    27032: 1431:                if (tch) {
        -: 1432:                    dch = tch;
        -: 1433:                } else {
        -: 1434:                    return -1;
        -: 1435:                }
        -: 1436:            }
        -: 1437:        }
   13516*: 1438:        assert(len == done);
        -: 1439:    }
        -: 1440:    return 0;
        -: 1441:}
        -: 1442:
    16015: 1443:static int _store_item_copy_data(int comm, item *old_it, item *new_it, item *add_it) {
    16015: 1444:    if (comm == NREAD_APPEND) {
     8008: 1445:        if (new_it->it_flags & ITEM_CHUNKED) {
    13516: 1446:            if (_store_item_copy_chunks(new_it, old_it, old_it->nbytes - 2) == -1 ||
     6758: 1447:                _store_item_copy_chunks(new_it, add_it, add_it->nbytes) == -1) {
    #####: 1448:                return -1;
        -: 1449:            }
        -: 1450:        } else {
     1250: 1451:            memcpy(ITEM_data(new_it), ITEM_data(old_it), old_it->nbytes);
     1250: 1452:            memcpy(ITEM_data(new_it) + old_it->nbytes - 2 /* CRLF */, ITEM_data(add_it), add_it->nbytes);
        -: 1453:        }
        -: 1454:    } else {
        -: 1455:        /* NREAD_PREPEND */
     8007: 1456:        if (new_it->it_flags & ITEM_CHUNKED) {
    13516: 1457:            if (_store_item_copy_chunks(new_it, add_it, add_it->nbytes - 2) == -1 ||
     6758: 1458:                _store_item_copy_chunks(new_it, old_it, old_it->nbytes) == -1) {
    #####: 1459:                return -1;
        -: 1460:            }
        -: 1461:        } else {
     1249: 1462:            memcpy(ITEM_data(new_it), ITEM_data(add_it), add_it->nbytes);
     1249: 1463:            memcpy(ITEM_data(new_it) + add_it->nbytes - 2 /* CRLF */, ITEM_data(old_it), old_it->nbytes);
        -: 1464:        }
        -: 1465:    }
        -: 1466:    return 0;
        -: 1467:}
        -: 1468:
        -: 1469:/*
        -: 1470: * Stores an item in the cache according to the semantics of one of the set
        -: 1471: * commands. Protected by the item lock.
        -: 1472: *
        -: 1473: * Returns the state of storage.
        -: 1474: */
   325949: 1475:enum store_item_type do_store_item(item *it, int comm, conn *c, const uint32_t hv) {
   325949: 1476:    char *key = ITEM_key(it);
   325949: 1477:    item *old_it = do_item_get(key, it->nkey, hv, c, DONT_UPDATE);
   325949: 1478:    enum store_item_type stored = NOT_STORED;
        -: 1479:
   325949: 1480:    enum cas_result { CAS_NONE, CAS_MATCH, CAS_BADVAL, CAS_STALE, CAS_MISS };
        -: 1481:
   325949: 1482:    item *new_it = NULL;
   325949: 1483:    uint32_t flags;
        -: 1484:
        -: 1485:    /* Do the CAS test up front so we can apply to all store modes */
   325949: 1486:    enum cas_result cas_res = CAS_NONE;
        -: 1487:
   325949: 1488:    bool do_store = false;
   325949: 1489:    if (old_it != NULL) {
        -: 1490:        // Most of the CAS work requires something to compare to.
    36402: 1491:        uint64_t it_cas = ITEM_get_cas(it);
    36402: 1492:        uint64_t old_cas = ITEM_get_cas(old_it);
    36402: 1493:        if (it_cas == 0) {
        -: 1494:            cas_res = CAS_NONE;
       18: 1495:        } else if (it_cas == old_cas) {
        -: 1496:            cas_res = CAS_MATCH;
        8: 1497:        } else if (c->set_stale && it_cas < old_cas) {
        -: 1498:            cas_res = CAS_STALE;
        -: 1499:        } else {
        7: 1500:            cas_res = CAS_BADVAL;
        -: 1501:        }
        -: 1502:
    36402: 1503:        switch (comm) {
      648: 1504:            case NREAD_ADD:
        -: 1505:                /* add only adds a nonexistent item, but promote to head of LRU */
      648: 1506:                do_item_update(old_it);
      648: 1507:                break;
       20: 1508:            case NREAD_CAS:
       20: 1509:                if (cas_res == CAS_MATCH) {
        -: 1510:                    // cas validates
        -: 1511:                    // it and old_it may belong to different classes.
        -: 1512:                    // I'm updating the stats for the one that's getting pushed out
       10: 1513:                    pthread_mutex_lock(&c->thread->stats.mutex);
       10: 1514:                    c->thread->stats.slab_stats[ITEM_clsid(old_it)].cas_hits++;
       10: 1515:                    pthread_mutex_unlock(&c->thread->stats.mutex);
       10: 1516:                    do_store = true;
       10: 1517:                } else if (cas_res == CAS_STALE) {
        -: 1518:                    // if we're allowed to set a stale value, CAS must be lower than
        -: 1519:                    // the current item's CAS.
        -: 1520:                    // This replaces the value, but should preserve TTL, and stale
        -: 1521:                    // item marker bit + token sent if exists.
        1: 1522:                    it->exptime = old_it->exptime;
        1: 1523:                    it->it_flags |= ITEM_STALE;
        1: 1524:                    if (old_it->it_flags & ITEM_TOKEN_SENT) {
        1: 1525:                        it->it_flags |= ITEM_TOKEN_SENT;
        -: 1526:                    }
        -: 1527:
        1: 1528:                    pthread_mutex_lock(&c->thread->stats.mutex);
        1: 1529:                    c->thread->stats.slab_stats[ITEM_clsid(old_it)].cas_hits++;
        1: 1530:                    pthread_mutex_unlock(&c->thread->stats.mutex);
        1: 1531:                    do_store = true;
        -: 1532:                } else {
        -: 1533:                    // NONE or BADVAL are the same for CAS cmd
        9: 1534:                    pthread_mutex_lock(&c->thread->stats.mutex);
        9: 1535:                    c->thread->stats.slab_stats[ITEM_clsid(old_it)].cas_badval++;
        9: 1536:                    pthread_mutex_unlock(&c->thread->stats.mutex);
        -: 1537:
        9: 1538:                    if (settings.verbose > 1) {
    #####: 1539:                        fprintf(stderr, "CAS:  failure: expected %llu, got %llu\n",
    #####: 1540:                                (unsigned long long)ITEM_get_cas(old_it),
    #####: 1541:                                (unsigned long long)ITEM_get_cas(it));
        -: 1542:                    }
        -: 1543:                    stored = EXISTS;
        -: 1544:                }
        -: 1545:                break;
    16017: 1546:            case NREAD_APPEND:
        -: 1547:            case NREAD_PREPEND:
    16017: 1548:                if (cas_res != CAS_NONE && cas_res != CAS_MATCH) {
        -: 1549:                    stored = EXISTS;
        -: 1550:                    break;
        -: 1551:                }
        -: 1552:#ifdef EXTSTORE
    16017: 1553:                if ((old_it->it_flags & ITEM_HDR) != 0) {
        -: 1554:                    /* block append/prepend from working with extstore-d items.
        -: 1555:                     * leave response code to NOT_STORED default */
        -: 1556:                    break;
        -: 1557:                }
        -: 1558:#endif
        -: 1559:                /* we have it and old_it here - alloc memory to hold both */
    16015: 1560:                FLAGS_CONV(old_it, flags);
    16015: 1561:                new_it = do_item_alloc(key, it->nkey, flags, old_it->exptime, it->nbytes + old_it->nbytes - 2 /* CRLF */);
        -: 1562:
        -: 1563:                // OOM trying to copy.
    16015: 1564:                if (new_it == NULL)
        -: 1565:                    break;
        -: 1566:                /* copy data from it and old_it to new_it */
    16015: 1567:                if (_store_item_copy_data(comm, old_it, new_it, it) == -1) {
        -: 1568:                    // failed data copy
        -: 1569:                    break;
        -: 1570:                } else {
        -: 1571:                    // refcount of new_it is 1 here. will end up 2 after link.
        -: 1572:                    // it's original ref is managed outside of this function
    16015: 1573:                    it = new_it;
    16015: 1574:                    do_store = true;
        -: 1575:                }
    16015: 1576:                break;
    19717: 1577:            case NREAD_REPLACE:
        -: 1578:            case NREAD_SET:
    19717: 1579:                do_store = true;
    19717: 1580:                break;
        -: 1581:        }
        -: 1582:
   36402*: 1583:        if (do_store) {
    35743: 1584:            STORAGE_delete(c->thread->storage, old_it);
    35743: 1585:            item_replace(old_it, it, hv);
    35743: 1586:            stored = STORED;
        -: 1587:        }
        -: 1588:
    36402: 1589:        do_item_remove(old_it);         /* release our reference */
    36402: 1590:        if (new_it != NULL) {
        -: 1591:            // append/prepend end up with an extra reference for new_it.
    16015: 1592:            do_item_remove(new_it);
        -: 1593:        }
        -: 1594:    } else {
        -: 1595:        /* No pre-existing item to replace or compare to. */
   289547: 1596:        if (ITEM_get_cas(it) != 0) {
        -: 1597:            /* Asked for a CAS match but nothing to compare it to. */
   289547: 1598:            cas_res = CAS_MISS;
        -: 1599:        }
        -: 1600:
   289547: 1601:        switch (comm) {
        -: 1602:            case NREAD_ADD:
        -: 1603:            case NREAD_SET:
   289449: 1604:                do_store = true;
   289449: 1605:                break;
        3: 1606:            case NREAD_CAS:
        -: 1607:                // LRU expired
        3: 1608:                stored = NOT_FOUND;
        3: 1609:                pthread_mutex_lock(&c->thread->stats.mutex);
        3: 1610:                c->thread->stats.cas_misses++;
        3: 1611:                pthread_mutex_unlock(&c->thread->stats.mutex);
        3: 1612:                break;
        -: 1613:            case NREAD_REPLACE:
        -: 1614:            case NREAD_APPEND:
        -: 1615:            case NREAD_PREPEND:
        -: 1616:                /* Requires an existing item. */
        -: 1617:                break;
        -: 1618:        }
        -: 1619:
        3: 1620:        if (do_store) {
   289449: 1621:            do_item_link(it, hv);
   289449: 1622:            stored = STORED;
        -: 1623:        }
        -: 1624:    }
        -: 1625:
   325949: 1626:    if (stored == STORED) {
   325192: 1627:        c->cas = ITEM_get_cas(it);
        -: 1628:    }
  325949*: 1629:    LOGGER_LOG(c->thread->l, LOG_MUTATIONS, LOGGER_ITEM_STORE, NULL,
        -: 1630:            stored, comm, ITEM_key(it), it->nkey, it->exptime, ITEM_clsid(it), c->sfd);
        -: 1631:
   325949: 1632:    return stored;
        -: 1633:}
        -: 1634:
        -: 1635:/* set up a connection to write a buffer then free it, used for stats */
     2972: 1636:void write_and_free(conn *c, char *buf, int bytes) {
     2972: 1637:    if (buf) {
     2972: 1638:        mc_resp *resp = c->resp;
     2972: 1639:        resp->write_and_free = buf;
     2972: 1640:        resp_add_iov(resp, buf, bytes);
     2972: 1641:        conn_set_state(c, conn_new_cmd);
        -: 1642:    } else {
    #####: 1643:        out_of_memory(c, "SERVER_ERROR out of memory writing stats");
        -: 1644:    }
     2972: 1645:}
        -: 1646:
   249777: 1647:void append_stat(const char *name, ADD_STAT add_stats, conn *c,
        -: 1648:                 const char *fmt, ...) {
   249777: 1649:    char val_str[STAT_VAL_LEN];
   249777: 1650:    int vlen;
   249777: 1651:    va_list ap;
        -: 1652:
  249777*: 1653:    assert(name);
  249777*: 1654:    assert(add_stats);
  249777*: 1655:    assert(c);
  249777*: 1656:    assert(fmt);
        -: 1657:
   249777: 1658:    va_start(ap, fmt);
   249777: 1659:    vlen = vsnprintf(val_str, sizeof(val_str) - 1, fmt, ap);
   249777: 1660:    va_end(ap);
        -: 1661:
   249777: 1662:    add_stats(name, strlen(name), val_str, vlen, c);
   249777: 1663:}
        -: 1664:
        -: 1665:/* return server specific stats only */
     2787: 1666:void server_stats(ADD_STAT add_stats, conn *c) {
     2787: 1667:    pid_t pid = getpid();
     2787: 1668:    rel_time_t now = current_time;
        -: 1669:
     2787: 1670:    struct thread_stats thread_stats;
     2787: 1671:    threadlocal_stats_aggregate(&thread_stats);
     2787: 1672:    struct slab_stats slab_stats;
     2787: 1673:    slab_stats_aggregate(&thread_stats, &slab_stats);
        -: 1674:#ifndef WIN32
     2787: 1675:    struct rusage usage;
     2787: 1676:    getrusage(RUSAGE_SELF, &usage);
        -: 1677:#endif /* !WIN32 */
        -: 1678:
     2787: 1679:    STATS_LOCK();
        -: 1680:
     2787: 1681:    APPEND_STAT("pid", "%lu", (long)pid);
[...]
    #####: 5532:            exit(EX_OSERR);
        -: 5533:        }
        -: 5534:    }
        -: 5535:
        -: 5536:    /*
        -: 5537:     * If needed, increase rlimits to allow as many connections
        -: 5538:     * as needed.
        -: 5539:     */
        -: 5540:
      115: 5541:    if (getrlimit(RLIMIT_NOFILE, &rlim) != 0) {
    #####: 5542:        fprintf(stderr, "failed to getrlimit number of files\n");
    #####: 5543:        exit(EX_OSERR);
        -: 5544:    } else {
        -: 5545:#ifdef MEMCACHED_DEBUG
      115: 5546:        if (rlim.rlim_cur < settings.maxconns || rlim.rlim_max < settings.maxconns) {
        -: 5547:#endif
    #####: 5548:        rlim.rlim_cur = settings.maxconns;
    #####: 5549:        rlim.rlim_max = settings.maxconns;
    #####: 5550:        if (setrlimit(RLIMIT_NOFILE, &rlim) != 0) {
    #####: 5551:            fprintf(stderr, "failed to set rlimit for open files. Try starting as root or requesting smaller maxconns value.\n");
    #####: 5552:            exit(EX_OSERR);
        -: 5553:        }
        -: 5554:#ifdef MEMCACHED_DEBUG
        -: 5555:        }
        -: 5556:#endif
        -: 5557:    }
        -: 5558:
        -: 5559:    /* lose root privileges if we have them */
      115: 5560:    if (getuid() == 0 || geteuid() == 0) {
    #####: 5561:        if (username == 0 || *username == '\0') {
    #####: 5562:            fprintf(stderr, "can't run as root without the -u switch\n");
    #####: 5563:            exit(EX_USAGE);
        -: 5564:        }
    #####: 5565:        if ((pw = getpwnam(username)) == 0) {
    #####: 5566:            fprintf(stderr, "can't find the user %s to switch to\n", username);
    #####: 5567:            exit(EX_NOUSER);
        -: 5568:        }
    #####: 5569:        if (setgroups(0, NULL) < 0) {
        -: 5570:            /* setgroups may fail with EPERM, indicating we are already in a
        -: 5571:             * minimally-privileged state. In that case we continue. For all
        -: 5572:             * other failure codes we exit.
        -: 5573:             *
        -: 5574:             * Note that errno is stored here because fprintf may change it.
        -: 5575:             */
    #####: 5576:            bool should_exit = errno != EPERM;
    #####: 5577:            fprintf(stderr, "failed to drop supplementary groups: %s\n",
        -: 5578:                    strerror(errno));
    #####: 5579:            if (should_exit) {
    #####: 5580:                exit(EX_OSERR);
        -: 5581:            }
        -: 5582:        }
    #####: 5583:        if (setgid(pw->pw_gid) < 0 || setuid(pw->pw_uid) < 0) {
    #####: 5584:            fprintf(stderr, "failed to assume identity of user %s\n", username);
    #####: 5585:            exit(EX_OSERR);
        -: 5586:        }
        -: 5587:    }
        -: 5588:
        -: 5589:    /* Initialize Sasl if -S was specified */
      115: 5590:    if (settings.sasl) {
      115: 5591:        init_sasl();
        -: 5592:    }
        -: 5593:
        -: 5594:    /* daemonize if requested */
        -: 5595:    /* if we want to ensure our ability to dump core, don't chdir to / */
      115: 5596:    if (do_daemonize) {
        2: 5597:        if (signal(SIGHUP, SIG_IGN) == SIG_ERR) {
    #####: 5598:            perror("Failed to ignore SIGHUP");
        -: 5599:        }
        2: 5600:        if (daemonize(maxcore, settings.verbose) == -1) {
    #####: 5601:            fprintf(stderr, "failed to daemon() in order to daemonize\n");
    #####: 5602:            exit(EXIT_FAILURE);
        -: 5603:        }
        -: 5604:    }
        -: 5605:
        -: 5606:    /* lock paged memory if needed */
      114: 5607:    if (lock_memory) {
        -: 5608:#ifdef HAVE_MLOCKALL
    #####: 5609:        int res = mlockall(MCL_CURRENT | MCL_FUTURE);
    #####: 5610:        if (res != 0) {
    #####: 5611:            fprintf(stderr, "warning: -k invalid, mlockall() failed: %s\n",
    #####: 5612:                    strerror(errno));
        -: 5613:        }
        -: 5614:#else
        -: 5615:        fprintf(stderr, "warning: -k invalid, mlockall() not supported on this platform.  proceeding without.\n");
        -: 5616:#endif
        -: 5617:    }
        -: 5618:
        -: 5619:    /* initialize main thread libevent instance */
        -: 5620:#if defined(LIBEVENT_VERSION_NUMBER) && LIBEVENT_VERSION_NUMBER >= 0x02000101
        -: 5621:    /* If libevent version is larger/equal to 2.0.2-alpha, use newer version */
      114: 5622:    struct event_config *ev_config;
      114: 5623:    ev_config = event_config_new();
      114: 5624:    event_config_set_flag(ev_config, EVENT_BASE_FLAG_NOLOCK);
      114: 5625:    main_base = event_base_new_with_config(ev_config);
      114: 5626:    event_config_free(ev_config);
        -: 5627:#else
        -: 5628:    /* Otherwise, use older API */
        -: 5629:    main_base = event_init();
        -: 5630:#endif
        -: 5631:
        -: 5632:    /* Load initial auth file if required */
      114: 5633:    if (settings.auth_file) {
        1: 5634:        if (settings.udpport) {
    #####: 5635:            fprintf(stderr, "Cannot use UDP with ascii authentication enabled (-U 0 to disable)\n");
    #####: 5636:            exit(EX_USAGE);
        -: 5637:        }
        -: 5638:
        1: 5639:        switch (authfile_load(settings.auth_file)) {
    #####: 5640:            case AUTHFILE_STATFAIL:
    #####: 5641:                vperror("Could not stat authfile [%s], error %s", settings.auth_file
    #####: 5642:                                                            , strerror(errno));
    #####: 5643:                exit(EXIT_FAILURE);
    #####: 5644:                break;
    #####: 5645:            case AUTHFILE_OPENFAIL:
    #####: 5646:                vperror("Could not open authfile [%s] for reading, error %s", settings.auth_file
    #####: 5647:                                                                           , strerror(errno));
    #####: 5648:                exit(EXIT_FAILURE);
    #####: 5649:                break;
    #####: 5650:            case AUTHFILE_OOM:
    #####: 5651:                fprintf(stderr, "Out of memory reading password file: %s", settings.auth_file);
    #####: 5652:                exit(EXIT_FAILURE);
    #####: 5653:                break;
    #####: 5654:            case AUTHFILE_MALFORMED:
    #####: 5655:                fprintf(stderr, "Authfile [%s] has a malformed entry. Should be 'user:password'", settings.auth_file);
    #####: 5656:                exit(EXIT_FAILURE);
        -: 5657:                break;
        -: 5658:            case AUTHFILE_OK:
        -: 5659:                break;
        -: 5660:        }
      113: 5661:    }
        -: 5662:
        -: 5663:    /* initialize other stuff */
      114: 5664:    stats_init();
      114: 5665:    logger_init();
      114: 5666:    conn_init();
      114: 5667:    bool reuse_mem = false;
      114: 5668:    void *mem_base = NULL;
      114: 5669:    bool prefill = false;
      114: 5670:    if (settings.memory_file != NULL) {
        2: 5671:        preallocate = true;
        -: 5672:        // Easier to manage memory if we prefill the global pool when reusing.
        2: 5673:        prefill = true;
        2: 5674:        restart_register("main", _mc_meta_load_cb, _mc_meta_save_cb, meta);
        4: 5675:        reuse_mem = restart_mmap_open(settings.maxbytes,
        2: 5676:                        settings.memory_file,
        -: 5677:                        &mem_base);
        -: 5678:        // The "save" callback gets called when we're closing out the mmap,
        -: 5679:        // but we don't know what the mmap_base is until after we call open.
        -: 5680:        // So we pass the struct above but have to fill it in here so the
        -: 5681:        // data's available during the save routine.
        2: 5682:        meta->mmap_base = mem_base;
        -: 5683:        // Also, the callbacks for load() run before _open returns, so we
        -: 5684:        // should have the old base in 'meta' as of here.
        -: 5685:    }
        -: 5686:    // Initialize the hash table _after_ checking restart metadata.
        -: 5687:    // We override the hash table start argument with what was live
        -: 5688:    // previously, to avoid filling a huge set of items into a tiny hash
        -: 5689:    // table.
      114: 5690:    assoc_init(settings.hashpower_init);
        -: 5691:#ifdef EXTSTORE
      114: 5692:    if (storage_enabled && reuse_mem) {
    #####: 5693:        fprintf(stderr, "[restart] memory restart with extstore not presently supported.\n");
    #####: 5694:        reuse_mem = false;
        -: 5695:    }
        -: 5696:#endif
      228: 5697:    slabs_init(settings.maxbytes, settings.factor, preallocate,
        -: 5698:            use_slab_sizes ? slab_sizes : NULL, mem_base, reuse_mem);
        -: 5699:#ifdef EXTSTORE
      114: 5700:    if (storage_enabled) {
        8: 5701:        storage = storage_init(storage_cf);
        8: 5702:        if (storage == NULL) {
        1: 5703:            exit(EXIT_FAILURE);
        -: 5704:        }
        7: 5705:        ext_storage = storage;
        -: 5706:        /* page mover algorithm for extstore needs memory prefilled */
        7: 5707:        prefill = true;
        -: 5708:    }
        -: 5709:#endif
        -: 5710:
      113: 5711:    if (settings.drop_privileges) {
      113: 5712:        setup_privilege_violations_handler();
        -: 5713:    }
        -: 5714:
      113: 5715:    if (prefill)
        9: 5716:        slabs_prefill_global();
        -: 5717:    /* In restartable mode and we've decided to issue a fixup on memory */
      113: 5718:    if (settings.memory_file != NULL && reuse_mem) {
        1: 5719:        mc_ptr_t old_base = meta->old_base;
        1: 5720:        assert(old_base == meta->old_base);
        -: 5721:
        -: 5722:        // should've pulled in process_started from meta file.
        1: 5723:        process_started = meta->process_started;
        -: 5724:        // TODO: must be a more canonical way of serializing/deserializing
        -: 5725:        // pointers? passing through uint64_t should work, and we're not
        -: 5726:        // annotating the pointer with anything, but it's still slightly
        -: 5727:        // insane.
        1: 5728:        restart_fixup((void *)old_base);
        -: 5729:    }
        -: 5730:    /*
        -: 5731:     * ignore SIGPIPE signals; we can use errno == EPIPE if we
        -: 5732:     * need that information
        -: 5733:     */
      113: 5734:    if (signal(SIGPIPE, SIG_IGN) == SIG_ERR) {
    #####: 5735:        perror("failed to ignore SIGPIPE; sigaction");
    #####: 5736:        exit(EX_OSERR);
        -: 5737:    }
        -: 5738:    /* start up worker threads if MT mode */
        -: 5739:#ifdef EXTSTORE
      113: 5740:    slabs_set_storage(storage);
      113: 5741:    memcached_thread_init(settings.num_threads, storage);
      113: 5742:    init_lru_crawler(storage);
        -: 5743:#else
        -: 5744:    memcached_thread_init(settings.num_threads, NULL);
        -: 5745:    init_lru_crawler(NULL);
        -: 5746:#endif
        -: 5747:
      113: 5748:    if (start_assoc_maint && start_assoc_maintenance_thread() == -1) {
    #####: 5749:        exit(EXIT_FAILURE);
        -: 5750:    }
      113: 5751:    if (start_lru_crawler && start_item_crawler_thread() != 0) {
    #####: 5752:        fprintf(stderr, "Failed to enable LRU crawler thread\n");
    #####: 5753:        exit(EXIT_FAILURE);
        -: 5754:    }
        -: 5755:#ifdef EXTSTORE
      113: 5756:    if (storage && start_storage_compact_thread(storage) != 0) {
    #####: 5757:        fprintf(stderr, "Failed to start storage compaction thread\n");
    #####: 5758:        exit(EXIT_FAILURE);
        -: 5759:    }
      113: 5760:    if (storage && start_storage_write_thread(storage) != 0) {
    #####: 5761:        fprintf(stderr, "Failed to start storage writer thread\n");
    #####: 5762:        exit(EXIT_FAILURE);
        -: 5763:    }
        -: 5764:
      113: 5765:    if (start_lru_maintainer && start_lru_maintainer_thread(storage) != 0) {
        -: 5766:#else
        -: 5767:    if (start_lru_maintainer && start_lru_maintainer_thread(NULL) != 0) {
        -: 5768:#endif
    #####: 5769:        fprintf(stderr, "Failed to enable LRU maintainer thread\n");
    #####: 5770:        free(meta);
    #####: 5771:        return 1;
        -: 5772:    }
        -: 5773:
      219: 5774:    if (settings.slab_reassign &&
      106: 5775:        start_slab_maintenance_thread() == -1) {
    #####: 5776:        exit(EXIT_FAILURE);
        -: 5777:    }
        -: 5778:
      113: 5779:    if (settings.idle_timeout && start_conn_timeout_thread() == -1) {
    #####: 5780:        exit(EXIT_FAILURE);
        -: 5781:    }
        -: 5782:
        -: 5783:    /* initialise clock event */
        -: 5784:#if defined(HAVE_CLOCK_GETTIME) && defined(CLOCK_MONOTONIC)
        -: 5785:    {
      113: 5786:        struct timespec ts;
      113: 5787:        if (clock_gettime(CLOCK_MONOTONIC, &ts) == 0) {
      113: 5788:            monotonic = true;
      113: 5789:            monotonic_start = ts.tv_sec;
        -: 5790:            // Monotonic clock needs special handling for restarts.
        -: 5791:            // We get a start time at an arbitrary place, so we need to
        -: 5792:            // restore the original time delta, which is always "now" - _start
      113: 5793:            if (reuse_mem) {
        -: 5794:                // the running timespan at stop time + the time we think we
        -: 5795:                // were stopped.
        1: 5796:                monotonic_start -= meta->current_time + meta->time_delta;
        -: 5797:            } else {
      112: 5798:                monotonic_start -= ITEM_UPDATE_INTERVAL + 2;
        -: 5799:            }
        -: 5800:        }
        -: 5801:    }
        -: 5802:#endif
      113: 5803:    clock_handler(0, 0, 0);
        -: 5804:
        -: 5805:    /* create unix mode sockets after dropping privileges */
      113: 5806:    if (settings.socketpath != NULL) {
       92: 5807:        errno = 0;
       92: 5808:        if (server_socket_unix(settings.socketpath,settings.access)) {
    #####: 5809:            vperror("failed to listen on UNIX socket: %s", settings.socketpath);
    #####: 5810:            exit(EX_OSERR);
        -: 5811:        }
        -: 5812:    }
        -: 5813:
        -: 5814:    /* create the listening socket, bind it, and init */
      113: 5815:    if (settings.socketpath == NULL) {
       21: 5816:        const char *portnumber_filename = getenv("MEMCACHED_PORT_FILENAME");
       21: 5817:        char *temp_portnumber_filename = NULL;
       21: 5818:        size_t len;
       21: 5819:        FILE *portnumber_file = NULL;
        -: 5820:
       21: 5821:        if (portnumber_filename != NULL) {
       14: 5822:            len = strlen(portnumber_filename)+4+1;
       14: 5823:            temp_portnumber_filename = malloc(len);
       14: 5824:            snprintf(temp_portnumber_filename,
        -: 5825:                     len,
        -: 5826:                     "%s.lck", portnumber_filename);
        -: 5827:
       14: 5828:            portnumber_file = fopen(temp_portnumber_filename, "a");
       14: 5829:            if (portnumber_file == NULL) {
    #####: 5830:                fprintf(stderr, "Failed to open \"%s\": %s\n",
    #####: 5831:                        temp_portnumber_filename, strerror(errno));
        -: 5832:            }
        -: 5833:        }
        -: 5834:
       21: 5835:        errno = 0;
       21: 5836:        if (settings.port && server_sockets(settings.port, tcp_transport,
        -: 5837:                                           portnumber_file)) {
        1: 5838:            vperror("failed to listen on TCP port %d", settings.port);
        1: 5839:            exit(EX_OSERR);
        -: 5840:        }
        -: 5841:
        -: 5842:        /*
        -: 5843:         * initialization order: first create the listening sockets
        -: 5844:         * (may need root on low ports), then drop root if needed,
        -: 5845:         * then daemonize if needed, then init libevent (in some cases
        -: 5846:         * descriptors created by libevent wouldn't survive forking).
        -: 5847:         */
        -: 5848:
        -: 5849:        /* create the UDP listening socket and bind it */
       20: 5850:        errno = 0;
       20: 5851:        if (settings.udpport && server_sockets(settings.udpport, udp_transport,
        -: 5852:                                              portnumber_file)) {
    #####: 5853:            vperror("failed to listen on UDP port %d", settings.udpport);
    #####: 5854:            exit(EX_OSERR);
        -: 5855:        }
        -: 5856:
       20: 5857:        if (portnumber_file) {
       14: 5858:            fclose(portnumber_file);
       14: 5859:            rename(temp_portnumber_filename, portnumber_filename);
        -: 5860:        }
       20: 5861:        if (temp_portnumber_filename)
       14: 5862:            free(temp_portnumber_filename);
        -: 5863:    }
        -: 5864:
        -: 5865:    /* Give the sockets a moment to open. I know this is dumb, but the error
        -: 5866:     * is only an advisory.
        -: 5867:     */
      112: 5868:    usleep(1000);
      112: 5869:    if (stats_state.curr_conns + stats_state.reserved_fds >= settings.maxconns - 1) {
    #####: 5870:        fprintf(stderr, "Maxconns setting is too low, use -c to increase.\n");
    #####: 5871:        exit(EXIT_FAILURE);
        -: 5872:    }
        -: 5873:
      112: 5874:    if (pid_file != NULL) {
        1: 5875:        save_pid(pid_file);
        -: 5876:    }
        -: 5877:
        -: 5878:    /* Drop privileges no longer needed */
      112: 5879:    if (settings.drop_privileges) {
      112: 5880:        drop_privileges();
        -: 5881:    }
        -: 5882:
        -: 5883:    /* Initialize the uriencode lookup table. */
      112: 5884:    uriencode_init();
        -: 5885:
        -: 5886:    /* enter the event loop */
     1693: 5887:    while (!stop_main_loop) {
     1581: 5888:        if (event_base_loop(main_base, EVLOOP_ONCE) != 0) {
        -: 5889:            retval = EXIT_FAILURE;
        -: 5890:            break;
        -: 5891:        }
        -: 5892:    }
        -: 5893:
      112: 5894:    switch (stop_main_loop) {
        2: 5895:        case GRACE_STOP:
        2: 5896:            fprintf(stderr, "Gracefully stopping\n");
        -: 5897:        break;
        -: 5898:        case EXIT_NORMALLY:
        -: 5899:            // Don't need to print anything to STDERR for a normal shutdown.
        -: 5900:        break;
    #####: 5901:        default:
    #####: 5902:            fprintf(stderr, "Exiting on error\n");
        -: 5903:        break;
        -: 5904:    }
        -: 5905:
      112: 5906:    stop_threads();
      112: 5907:    if (settings.memory_file != NULL && stop_main_loop == GRACE_STOP) {
        1: 5908:        restart_mmap_close();
        -: 5909:    }
        -: 5910:
        -: 5911:    /* remove the PID file if we're a daemon */
      112: 5912:    if (do_daemonize)
        1: 5913:        remove_pidfile(pid_file);
        -: 5914:    /* Clean up strdup() call for bind() address */
      112: 5915:    if (settings.inter)
        6: 5916:      free(settings.inter);
        -: 5917:
        -: 5918:    /* cleanup base */
      112: 5919:    event_base_free(main_base);
        -: 5920:
      112: 5921:    free(meta);
        -: 5922:
      112: 5923:    return retval;
        -: 5924:}
